This is XeTeX, Version 3.14159265-2.6-0.99998 (TeX Live 2017/Debian) (preloaded format=xelatex 2020.4.23)  23 APR 2020 16:44
entering extended mode
 restricted \write18 enabled.
 %&-line parsing enabled.
**main.tex
(./main.tex
LaTeX2e <2017-04-15>
Babel <3.18> and hyphenation patterns for 6 language(s) loaded.
(./cas-dc.cls
Document Class: cas-dc 2020/03/14, 2.1: Formatting class for CAS double column 
articles
\c@blind=\count79
\@bls=\dimen102
(/usr/share/texlive/texmf-dist/tex/latex/base/article.cls
Document Class: article 2014/09/29 v1.4h Standard LaTeX document class
(/usr/share/texlive/texmf-dist/tex/latex/base/fleqn.clo
File: fleqn.clo 2016/12/29 v1.2a Standard LaTeX option (flush left equations)
\mathindent=\dimen103
Applying: [2015/01/01] Make \[ robust on input line 50.
LaTeX Info: Redefining \[ on input line 51.
Already applied: [0000/00/00] Make \[ robust on input line 62.
Applying: [2015/01/01] Make \] robust on input line 74.
LaTeX Info: Redefining \] on input line 75.
Already applied: [0000/00/00] Make \] robust on input line 83.
)
(/usr/share/texlive/texmf-dist/tex/latex/base/size10.clo
File: size10.clo 2014/09/29 v1.4h Standard LaTeX file (size option)
)
\c@part=\count80
\c@section=\count81
\c@subsection=\count82
\c@subsubsection=\count83
\c@paragraph=\count84
\c@subparagraph=\count85
\c@figure=\count86
\c@table=\count87
\abovecaptionskip=\skip41
\belowcaptionskip=\skip42
\bibindent=\dimen104
)
(/usr/share/texlive/texmf-dist/tex/latex/graphics/graphicx.sty
Package: graphicx 2017/06/01 v1.1a Enhanced LaTeX Graphics (DPC,SPQR)

(/usr/share/texlive/texmf-dist/tex/latex/graphics/keyval.sty
Package: keyval 2014/10/28 v1.15 key=value parser (DPC)
\KV@toks@=\toks14
)
(/usr/share/texlive/texmf-dist/tex/latex/graphics/graphics.sty
Package: graphics 2017/06/25 v1.2c Standard LaTeX Graphics (DPC,SPQR)

(/usr/share/texlive/texmf-dist/tex/latex/graphics/trig.sty
Package: trig 2016/01/03 v1.10 sin cos tan (DPC)
)
(/usr/share/texlive/texmf-dist/tex/latex/graphics-cfg/graphics.cfg
File: graphics.cfg 2016/06/04 v1.11 sample graphics configuration
)
Package graphics Info: Driver file: xetex.def on input line 99.

(/usr/share/texlive/texmf-dist/tex/latex/graphics-def/xetex.def
File: xetex.def 2017/06/24 v5.0h Graphics/color driver for xetex
))
\Gin@req@height=\dimen105
\Gin@req@width=\dimen106
)
(/usr/share/texlive/texmf-dist/tex/latex/amsmath/amsmath.sty
Package: amsmath 2017/09/02 v2.17a AMS math features
\@mathmargin=\skip43

For additional information on amsmath, use the `?' option.
(/usr/share/texlive/texmf-dist/tex/latex/amsmath/amstext.sty
Package: amstext 2000/06/29 v2.01 AMS text

(/usr/share/texlive/texmf-dist/tex/latex/amsmath/amsgen.sty
File: amsgen.sty 1999/11/30 v2.0 generic functions
\@emptytoks=\toks15
\ex@=\dimen107
))
(/usr/share/texlive/texmf-dist/tex/latex/amsmath/amsbsy.sty
Package: amsbsy 1999/11/29 v1.2d Bold Symbols
\pmbraise@=\dimen108
)
(/usr/share/texlive/texmf-dist/tex/latex/amsmath/amsopn.sty
Package: amsopn 2016/03/08 v2.02 operator names
)
\inf@bad=\count88
LaTeX Info: Redefining \frac on input line 213.
\uproot@=\count89
\leftroot@=\count90
LaTeX Info: Redefining \overline on input line 375.
\classnum@=\count91
\DOTSCASE@=\count92
LaTeX Info: Redefining \ldots on input line 472.
LaTeX Info: Redefining \dots on input line 475.
LaTeX Info: Redefining \cdots on input line 596.
\Mathstrutbox@=\box26
\strutbox@=\box27
\big@size=\dimen109
LaTeX Font Info:    Redeclaring font encoding OML on input line 712.
LaTeX Font Info:    Redeclaring font encoding OMS on input line 713.
\macc@depth=\count93
\c@MaxMatrixCols=\count94
\dotsspace@=\muskip10
\c@parentequation=\count95
\dspbrk@lvl=\count96
\tag@help=\toks16
\row@=\count97
\column@=\count98
\maxfields@=\count99
\andhelp@=\toks17
\eqnshift@=\dimen110
\alignsep@=\dimen111
\tagshift@=\dimen112
\tagwidth@=\dimen113
\totwidth@=\dimen114
\lineht@=\dimen115
\@envbody=\toks18
\multlinegap=\skip44
\multlinetaggap=\skip45
\mathdisplay@stack=\toks19
LaTeX Info: Redefining \[ on input line 2817.
LaTeX Info: Redefining \] on input line 2818.
)
(/usr/share/texlive/texmf-dist/tex/latex/amsfonts/amsfonts.sty
Package: amsfonts 2013/01/14 v3.01 Basic AMSFonts support
\symAMSa=\mathgroup4
\symAMSb=\mathgroup5
LaTeX Font Info:    Overwriting math alphabet `\mathfrak' in version `bold'
(Font)                  U/euf/m/n --> U/euf/b/n on input line 106.
)
(/usr/share/texlive/texmf-dist/tex/latex/amsfonts/amssymb.sty
Package: amssymb 2013/01/14 v3.01 AMS font symbols
)
(/usr/share/texlive/texmf-dist/tex/latex/l3kernel/expl3.sty
Package: expl3 2018/02/21 L3 programming layer (loader) 

(/usr/share/texlive/texmf-dist/tex/latex/l3kernel/expl3-code.tex
Package: expl3 2018/02/21 L3 programming layer (code)
\c_max_int=\count100
\l_tmpa_int=\count101
\l_tmpb_int=\count102
\g_tmpa_int=\count103
\g_tmpb_int=\count104
\g__intarray_font_int=\count105
\g__prg_map_int=\count106
\c_log_iow=\count107
\l_iow_line_count_int=\count108
\l__iow_line_target_int=\count109
\l__iow_one_indent_int=\count110
\l__iow_indent_int=\count111
\c_zero_dim=\dimen116
\c_max_dim=\dimen117
\l_tmpa_dim=\dimen118
\l_tmpb_dim=\dimen119
\g_tmpa_dim=\dimen120
\g_tmpb_dim=\dimen121
\c_zero_skip=\skip46
\c_max_skip=\skip47
\l_tmpa_skip=\skip48
\l_tmpb_skip=\skip49
\g_tmpa_skip=\skip50
\g_tmpb_skip=\skip51
\c_zero_muskip=\muskip11
\c_max_muskip=\muskip12
\l_tmpa_muskip=\muskip13
\l_tmpb_muskip=\muskip14
\g_tmpa_muskip=\muskip15
\g_tmpb_muskip=\muskip16
\l_keys_choice_int=\count112
\c__fp_leading_shift_int=\count113
\c__fp_middle_shift_int=\count114
\c__fp_trailing_shift_int=\count115
\c__fp_big_leading_shift_int=\count116
\c__fp_big_middle_shift_int=\count117
\c__fp_big_trailing_shift_int=\count118
\c__fp_Bigg_leading_shift_int=\count119
\c__fp_Bigg_middle_shift_int=\count120
\c__fp_Bigg_trailing_shift_int=\count121
\l__sort_length_int=\count122
\l__sort_min_int=\count123
\l__sort_top_int=\count124
\l__sort_max_int=\count125
\l__sort_true_max_int=\count126
\l__sort_block_int=\count127
\l__sort_begin_int=\count128
\l__sort_end_int=\count129
\l__sort_A_int=\count130
\l__sort_B_int=\count131
\l__sort_C_int=\count132
\l__tl_build_start_index_int=\count133
\l__tl_build_index_int=\count134
\l__tl_analysis_normal_int=\count135
\l__tl_analysis_index_int=\count136
\l__tl_analysis_nesting_int=\count137
\l__tl_analysis_type_int=\count138
\l__regex_internal_a_int=\count139
\l__regex_internal_b_int=\count140
\l__regex_internal_c_int=\count141
\l__regex_balance_int=\count142
\l__regex_group_level_int=\count143
\l__regex_mode_int=\count144
\c__regex_cs_in_class_mode_int=\count145
\c__regex_cs_mode_int=\count146
\l__regex_catcodes_int=\count147
\l__regex_default_catcodes_int=\count148
\c__regex_catcode_L_int=\count149
\c__regex_catcode_O_int=\count150
\c__regex_catcode_A_int=\count151
\c__regex_all_catcodes_int=\count152
\l__regex_show_lines_int=\count153
\l__regex_min_state_int=\count154
\l__regex_max_state_int=\count155
\l__regex_left_state_int=\count156
\l__regex_right_state_int=\count157
\l__regex_capturing_group_int=\count158
\l__regex_min_pos_int=\count159
\l__regex_max_pos_int=\count160
\l__regex_curr_pos_int=\count161
\l__regex_start_pos_int=\count162
\l__regex_success_pos_int=\count163
\l__regex_curr_char_int=\count164
\l__regex_curr_catcode_int=\count165
\l__regex_last_char_int=\count166
\l__regex_case_changed_char_int=\count167
\l__regex_curr_state_int=\count168
\l__regex_step_int=\count169
\l__regex_min_active_int=\count170
\l__regex_max_active_int=\count171
\l__regex_replacement_csnames_int=\count172
\l__regex_match_count_int=\count173
\l__regex_min_submatch_int=\count174
\l__regex_submatch_int=\count175
\l__regex_zeroth_submatch_int=\count176
\g__regex_trace_regex_int=\count177
\c_empty_box=\box28
\l_tmpa_box=\box29
\l_tmpb_box=\box30
\g_tmpa_box=\box31
\g_tmpb_box=\box32
\l__box_top_dim=\dimen122
\l__box_bottom_dim=\dimen123
\l__box_left_dim=\dimen124
\l__box_right_dim=\dimen125
\l__box_top_new_dim=\dimen126
\l__box_bottom_new_dim=\dimen127
\l__box_left_new_dim=\dimen128
\l__box_right_new_dim=\dimen129
\l__box_internal_box=\box33
\l__coffin_internal_box=\box34
\l__coffin_internal_dim=\dimen130
\l__coffin_offset_x_dim=\dimen131
\l__coffin_offset_y_dim=\dimen132
\l__coffin_x_dim=\dimen133
\l__coffin_y_dim=\dimen134
\l__coffin_x_prime_dim=\dimen135
\l__coffin_y_prime_dim=\dimen136
\c_empty_coffin=\box35
\l__coffin_aligned_coffin=\box36
\l__coffin_aligned_internal_coffin=\box37
\l_tmpa_coffin=\box38
\l_tmpb_coffin=\box39
\l__coffin_display_coffin=\box40
\l__coffin_display_coord_coffin=\box41
\l__coffin_display_pole_coffin=\box42
\l__coffin_display_offset_dim=\dimen137
\l__coffin_display_x_dim=\dimen138
\l__coffin_display_y_dim=\dimen139
\l__coffin_bounding_shift_dim=\dimen140
\l__coffin_left_corner_dim=\dimen141
\l__coffin_right_corner_dim=\dimen142
\l__coffin_bottom_corner_dim=\dimen143
\l__coffin_top_corner_dim=\dimen144
\l__coffin_scaled_total_height_dim=\dimen145
\l__coffin_scaled_width_dim=\dimen146
)
(/usr/share/texlive/texmf-dist/tex/latex/l3kernel/l3xdvipdfmx.def
File: l3xdvidpfmx.def 2017/03/18 v L3 Experimental driver: xdvipdfmx
\g__driver_image_int=\count178
\l__driver_tmp_box=\box43
))
(/usr/share/texlive/texmf-dist/tex/latex/l3packages/xparse/xparse.sty
Package: xparse 2018/02/21 L3 Experimental document command parser
\l__xparse_current_arg_int=\count179
\g__xparse_grabber_int=\count180
\l__xparse_m_args_int=\count181
\l__xparse_mandatory_args_int=\count182
\l__xparse_v_nesting_int=\count183
)
(/usr/share/texlive/texmf-dist/tex/latex/etoolbox/etoolbox.sty
Package: etoolbox 2018/02/11 v2.5e e-TeX tools for LaTeX (JAW)
\etb@tempcnta=\count184
)
(/usr/share/texlive/texmf-dist/tex/latex/preprint/balance.sty
Package: balance 1999/02/23 4.3 (PWD)
\oldvsize=\dimen147
)
(/usr/share/texlive/texmf-dist/tex/latex/booktabs/booktabs.sty
Package: booktabs 2016/04/27 v1.618033 publication quality tables
\heavyrulewidth=\dimen148
\lightrulewidth=\dimen149
\cmidrulewidth=\dimen150
\belowrulesep=\dimen151
\belowbottomsep=\dimen152
\aboverulesep=\dimen153
\abovetopsep=\dimen154
\cmidrulesep=\dimen155
\cmidrulekern=\dimen156
\defaultaddspace=\dimen157
\@cmidla=\count185
\@cmidlb=\count186
\@aboverulesep=\dimen158
\@belowrulesep=\dimen159
\@thisruleclass=\count187
\@lastruleclass=\count188
\@thisrulewidth=\dimen160
)
(/usr/share/texlive/texmf-dist/tex/latex/makecell/makecell.sty
Package: makecell 2009/08/03 V0.1e Managing of Tab Column Heads and Cells

(/usr/share/texlive/texmf-dist/tex/latex/tools/array.sty
Package: array 2016/10/06 v2.4d Tabular extension package (FMi)
\col@sep=\dimen161
\extrarowheight=\dimen162
\NC@list=\toks20
\extratabsurround=\skip52
\backup@length=\skip53
)
\rotheadsize=\dimen163
\c@nlinenum=\count189
\TeXr@lab=\toks21
)
(/usr/share/texlive/texmf-dist/tex/latex/multirow/multirow.sty
Package: multirow 2016/11/25 v2.2 Span multiple rows of a table
\multirow@colwidth=\skip54
\multirow@cntb=\count190
\multirow@dima=\skip55
\bigstrutjot=\dimen164
)
(/usr/share/texlive/texmf-dist/tex/latex/colortbl/colortbl.sty
Package: colortbl 2012/02/13 v1.0a Color table columns (DPC)

(/usr/share/texlive/texmf-dist/tex/latex/graphics/color.sty
Package: color 2016/07/10 v1.1e Standard LaTeX Color (DPC)

(/usr/share/texlive/texmf-dist/tex/latex/graphics-cfg/color.cfg
File: color.cfg 2016/01/02 v1.6 sample color configuration
)
Package color Info: Driver file: xetex.def on input line 147.
)
\everycr=\toks22
\minrowclearance=\skip56
)
(/usr/share/texlive/texmf-dist/tex/latex/tools/dcolumn.sty
Package: dcolumn 2014/10/28 v1.06 decimal alignment package (DPC)
)
(/usr/share/texlive/texmf-dist/tex/latex/sttools/stfloats.sty
Package: stfloats 2017/03/27 v3.3 Improve float mechanism and baselineskip sett
ings
\@dblbotnum=\count191
\c@dblbotnumber=\count192
)
(/usr/share/texlive/texmf-dist/tex/latex/tools/xspace.sty
Package: xspace 2014/10/28 v1.13 Space after command names (DPC,MH)
)
(/usr/share/texlive/texmf-dist/tex/generic/xstring/xstring.sty
(/usr/share/texlive/texmf-dist/tex/generic/xstring/xstring.tex
\@xs@message=\write3
\integerpart=\count193
\decimalpart=\count194
)
Package: xstring 2013/10/13  v1.7c  String manipulations (C Tellechea)
)
(/usr/share/texlive/texmf-dist/tex/latex/footmisc/footmisc.sty
Package: footmisc 2011/06/06 v5.5b a miscellany of footnote facilities
\FN@temptoken=\toks23
\footnotemargin=\dimen165
\c@pp@next@reset=\count195
Package footmisc Info: Declaring symbol style bringhurst on input line 855.
Package footmisc Info: Declaring symbol style chicago on input line 863.
Package footmisc Info: Declaring symbol style wiley on input line 872.
Package footmisc Info: Declaring symbol style lamport-robust on input line 883.

Package footmisc Info: Declaring symbol style lamport* on input line 903.
Package footmisc Info: Declaring symbol style lamport*-robust on input line 924
.
)
(/usr/share/texlive/texmf-dist/tex/latex/xcolor/xcolor.sty
Package: xcolor 2016/05/11 v2.12 LaTeX color extensions (UK)

(/usr/share/texlive/texmf-dist/tex/latex/graphics-cfg/color.cfg
File: color.cfg 2016/01/02 v1.6 sample color configuration
)
Package xcolor Info: Driver file: xetex.def on input line 225.
LaTeX Info: Redefining \color on input line 709.
Package xcolor Info: Model `cmy' substituted by `cmy0' on input line 1348.
Package xcolor Info: Model `RGB' extended on input line 1364.
Package xcolor Info: Model `HTML' substituted by `rgb' on input line 1366.
Package xcolor Info: Model `Hsb' substituted by `hsb' on input line 1367.
Package xcolor Info: Model `tHsb' substituted by `hsb' on input line 1368.
Package xcolor Info: Model `HSB' substituted by `hsb' on input line 1369.
Package xcolor Info: Model `Gray' substituted by `gray' on input line 1370.
Package xcolor Info: Model `wave' substituted by `hsb' on input line 1371.

(/usr/share/texlive/texmf-dist/tex/latex/graphics/dvipsnam.def
File: dvipsnam.def 2016/06/17 v3.0m Driver-dependent file (DPC,SPQR)
)
(/usr/share/texlive/texmf-dist/tex/latex/xcolor/svgnam.def
File: svgnam.def 2016/05/11 v2.12 Predefined colors according to SVG 1.1 (UK)
))
(/usr/share/texlive/texmf-dist/tex/latex/hyperref/hyperref.sty
Package: hyperref 2018/02/06 v6.86b Hypertext links for LaTeX

(/usr/share/texlive/texmf-dist/tex/generic/oberdiek/hobsub-hyperref.sty
Package: hobsub-hyperref 2016/05/16 v1.14 Bundle oberdiek, subset hyperref (HO)


(/usr/share/texlive/texmf-dist/tex/generic/oberdiek/hobsub-generic.sty
Package: hobsub-generic 2016/05/16 v1.14 Bundle oberdiek, subset generic (HO)
Package: hobsub 2016/05/16 v1.14 Construct package bundles (HO)
Package: infwarerr 2016/05/16 v1.4 Providing info/warning/error messages (HO)
Package: ltxcmds 2016/05/16 v1.23 LaTeX kernel commands for general use (HO)
Package: ifluatex 2016/05/16 v1.4 Provides the ifluatex switch (HO)
Package ifluatex Info: LuaTeX not detected.
Package: ifvtex 2016/05/16 v1.6 Detect VTeX and its facilities (HO)
Package ifvtex Info: VTeX not detected.
Package: intcalc 2016/05/16 v1.2 Expandable calculations with integers (HO)
Package: ifpdf 2017/03/15 v3.2 Provides the ifpdf switch
Package: etexcmds 2016/05/16 v1.6 Avoid name clashes with e-TeX commands (HO)
Package etexcmds Info: Could not find \expanded.
(etexcmds)             That can mean that you are not using pdfTeX 1.50 or
(etexcmds)             that some package has redefined \expanded.
(etexcmds)             In the latter case, load this package earlier.
Package: kvsetkeys 2016/05/16 v1.17 Key value parser (HO)
Package: kvdefinekeys 2016/05/16 v1.4 Define keys (HO)
Package: pdftexcmds 2018/01/21 v0.26 Utility functions of pdfTeX for LuaTeX (HO
)
Package pdftexcmds Info: LuaTeX not detected.
Package pdftexcmds Info: pdfTeX >= 1.30 not detected.
Package pdftexcmds Info: \pdf@primitive is available.
Package pdftexcmds Info: \pdf@ifprimitive is available.
Package pdftexcmds Info: \pdfdraftmode not found.
Package: pdfescape 2016/05/16 v1.14 Implements pdfTeX's escape features (HO)
Package: bigintcalc 2016/05/16 v1.4 Expandable calculations on big integers (HO
)
Package: bitset 2016/05/16 v1.2 Handle bit-vector datatype (HO)
Package: uniquecounter 2016/05/16 v1.3 Provide unlimited unique counter (HO)
)
Package hobsub Info: Skipping package `hobsub' (already loaded).
Package: letltxmacro 2016/05/16 v1.5 Let assignment for LaTeX macros (HO)
Package: hopatch 2016/05/16 v1.3 Wrapper for package hooks (HO)
Package: xcolor-patch 2016/05/16 xcolor patch
Package: atveryend 2016/05/16 v1.9 Hooks at the very end of document (HO)
Package: atbegshi 2016/06/09 v1.18 At begin shipout hook (HO)
Package: refcount 2016/05/16 v3.5 Data extraction from label references (HO)
Package: hycolor 2016/05/16 v1.8 Color options for hyperref/bookmark (HO)
)
(/usr/share/texlive/texmf-dist/tex/generic/ifxetex/ifxetex.sty
Package: ifxetex 2010/09/12 v0.6 Provides ifxetex conditional
)
(/usr/share/texlive/texmf-dist/tex/latex/oberdiek/auxhook.sty
Package: auxhook 2016/05/16 v1.4 Hooks for auxiliary files (HO)
)
(/usr/share/texlive/texmf-dist/tex/latex/oberdiek/kvoptions.sty
Package: kvoptions 2016/05/16 v3.12 Key value format for package options (HO)
)
\@linkdim=\dimen166
\Hy@linkcounter=\count196
\Hy@pagecounter=\count197

(/usr/share/texlive/texmf-dist/tex/latex/hyperref/pd1enc.def
File: pd1enc.def 2018/02/06 v6.86b Hyperref: PDFDocEncoding definition (HO)
)
\Hy@SavedSpaceFactor=\count198

(/usr/share/texlive/texmf-dist/tex/latex/latexconfig/hyperref.cfg
File: hyperref.cfg 2002/06/06 v1.2 hyperref configuration of TeXLive
)
Package hyperref Info: Option `colorlinks' set `true' on input line 4383.
Package hyperref Info: Hyper figures OFF on input line 4509.
Package hyperref Info: Link nesting OFF on input line 4514.
Package hyperref Info: Hyper index ON on input line 4517.
Package hyperref Info: Plain pages OFF on input line 4524.
Package hyperref Info: Backreferencing OFF on input line 4529.
Package hyperref Info: Implicit mode ON; LaTeX internals redefined.
Package hyperref Info: Bookmarks ON on input line 4762.
\c@Hy@tempcnt=\count199

(/usr/share/texlive/texmf-dist/tex/latex/url/url.sty
\Urlmuskip=\muskip17
Package: url 2013/09/16  ver 3.4  Verb mode for urls, etc.
)
LaTeX Info: Redefining \url on input line 5115.
\XeTeXLinkMargin=\dimen167
\Fld@menulength=\count266
\Field@Width=\dimen168
\Fld@charsize=\dimen169
Package hyperref Info: Hyper figures OFF on input line 6369.
Package hyperref Info: Link nesting OFF on input line 6374.
Package hyperref Info: Hyper index ON on input line 6377.
Package hyperref Info: backreferencing OFF on input line 6384.
Package hyperref Info: Link coloring ON on input line 6387.
Package hyperref Info: Link coloring with OCG OFF on input line 6394.
Package hyperref Info: PDF/A mode OFF on input line 6399.
LaTeX Info: Redefining \ref on input line 6439.
LaTeX Info: Redefining \pageref on input line 6443.
\Hy@abspage=\count267
\c@Item=\count268
\c@Hfootnote=\count269
)
Package hyperref Info: Driver (autodetected): hxetex.

(/usr/share/texlive/texmf-dist/tex/latex/hyperref/hxetex.def
File: hxetex.def 2018/02/06 v6.86b Hyperref driver for XeTeX

(/usr/share/texlive/texmf-dist/tex/latex/hyperref/puenc.def
File: puenc.def 2018/02/06 v6.86b Hyperref: PDF Unicode definition (HO)
)
(/usr/share/texlive/texmf-dist/tex/generic/oberdiek/stringenc.sty
Package: stringenc 2016/05/16 v1.11 Convert strings between diff. encodings (HO
)
)
\pdfm@box=\box44
\c@Hy@AnnotLevel=\count270
\HyField@AnnotCount=\count271
\Fld@listcount=\count272
\c@bookmark@seq@number=\count273

(/usr/share/texlive/texmf-dist/tex/latex/oberdiek/rerunfilecheck.sty
Package: rerunfilecheck 2016/05/16 v1.8 Rerun checks for auxiliary files (HO)
Package rerunfilecheck Info: Feature \pdfmdfivesum is not available
(rerunfilecheck)             (e.g. pdfTeX or LuaTeX with package `pdftexcmds').

(rerunfilecheck)             Therefore file contents cannot be checked efficien
tly
(rerunfilecheck)             and the loading of the package is aborted.
)
\Hy@SectionHShift=\skip57
)
(/usr/share/texlive/texmf-dist/tex/generic/oberdiek/se-ascii-print.def
File: se-ascii-print.def 2016/05/16 v1.11 stringenc: Printable ASCII characters

)

Package hyperref Warning: pdfproducer: xdvipdfmx will use its own setting
(hyperref)                instead of the value given on input line 80.

(./cas-common.sty
\l_stm_title_before_dim=\dimen170
\l_stm_title_after_dim=\dimen171
.................................................
. LaTeX info: "xparse/define-command"
. 
. Defining command \processTmarks with sig. '' on line 131.
.................................................
.................................................
. LaTeX info: "xparse/redefine-command"
. 
. Redefining command \title with sig. 'O{}m' on line 155.
.................................................
.................................................
. LaTeX info: "xparse/define-command"
. 
. Defining command \wrAun with sig. 'm' on line 162.
.................................................
.................................................
. LaTeX info: "xparse/define-command"
. 
. Defining command \wrAux with sig. 'm' on line 164.
.................................................
.................................................
. LaTeX info: "xparse/define-command"
. 
. Defining command \wrShipAux with sig. 'm' on line 167.
.................................................
.................................................
. LaTeX info: "xparse/define-command"
. 
. Defining command \wrShipAun with sig. 'm' on line 169.
.................................................
.................................................
. LaTeX info: "xparse/define-command"
. 
. Defining command \stmLabel with sig. 'm' on line 177.
.................................................
.................................................
. LaTeX info: "xparse/define-command"
. 
. Defining command \NewLabel with sig. 'mm' on line 183.
.................................................
.................................................
. LaTeX info: "xparse/define-command"
. 
. Defining command \stmRef with sig. 'm' on line 188.
.................................................
.................................................
. LaTeX info: "xparse/define-command"
. 
. Defining command \processFnRef with sig. 'm' on line 198.
.................................................
.................................................
. LaTeX info: "xparse/define-command"
. 
. Defining command \fnmark with sig. 'O{}' on line 201.
.................................................
.................................................
. LaTeX info: "xparse/define-command"
. 
. Defining command \fnref with sig. 'm' on line 209.
.................................................
.................................................
. LaTeX info: "xparse/define-command"
. 
. Defining command \corref with sig. 'm' on line 219.
.................................................
.................................................
. LaTeX info: "xparse/define-command"
. 
. Defining command \cormark with sig. 'O{}' on line 225.
.................................................
.................................................
. LaTeX info: "xparse/define-command"
. 
. Defining command \parsename with sig. 'm' on line 240.
.................................................
.................................................
. LaTeX info: "xparse/define-command"
. 
. Defining command \invparsename with sig. 'm' on line 248.
.................................................
.................................................
. LaTeX info: "xparse/define-command"
. 
. Defining command \surname with sig. '' on line 251.
.................................................
.................................................
. LaTeX info: "xparse/define-command"
. 
. Defining command \firstname with sig. '' on line 253.
.................................................
.................................................
. LaTeX info: "xparse/define-command"
. 
. Defining command \eadauthor with sig. '' on line 261.
.................................................
.................................................
. LaTeX info: "xparse/define-command"
. 
. Defining command \processAffRef with sig. 'm' on line 273.
.................................................
.................................................
. LaTeX info: "xparse/define-command"
. 
. Defining command \processAffNum with sig. 'm' on line 283.
.................................................
.................................................
. LaTeX info: "xparse/define-command"
. 
. Defining command \listAff with sig. '' on line 293.
.................................................
.................................................
. LaTeX info: "xparse/define-command"
. 
. Defining command \ead with sig. 'O{}m' on line 298.
.................................................
.................................................
. LaTeX info: "xparse/define-command"
. 
. Defining command \eadsep with sig. '' on line 300.
.................................................
\g_ead_int=\count274
\g_uad_int=\count275
.................................................
. LaTeX info: "xparse/define-command"
. 
. Defining command \@uad with sig. 'O{}m' on line 317.
.................................................
.................................................
. LaTeX info: "xparse/define-command"
. 
. Defining command \urlauthor with sig. 'mm' on line 329.
.................................................
.................................................
. LaTeX info: "xparse/define-command"
. 
. Defining command \@stmuads with sig. '' on line 331.
.................................................
.................................................
. LaTeX info: "xparse/define-command"
. 
. Defining command \@ead with sig. 'm' on line 339.
.................................................
\@eadauthor=\toks24
.................................................
. LaTeX info: "xparse/define-command"
. 
. Defining command \emailauthor with sig. 'mm' on line 353.
.................................................
.................................................
. LaTeX info: "xparse/define-command"
. 
. Defining command \@elseads with sig. '' on line 356.
.................................................
.................................................
. LaTeX info: "xparse/define-command"
. 
. Defining command \printemails with sig. '' on line 379.
.................................................
.................................................
. LaTeX info: "xparse/define-command"
. 
. Defining command \printurls with sig. '' on line 397.
.................................................
.................................................
. LaTeX info: "xparse/define-command"
. 
. Defining command \orcidauthor with sig. 'mm' on line 410.
.................................................
.................................................
. LaTeX info: "xparse/define-command"
. 
. Defining command \printorcid with sig. '' on line 422.
.................................................
.................................................
. LaTeX info: "xparse/define-command"
. 
. Defining command \ContribRole with sig. 'm' on line 434.
.................................................
.................................................
. LaTeX info: "xparse/define-command"
. 
. Defining command \creditauthor with sig. 'mm' on line 440.
.................................................
.................................................
. LaTeX info: "xparse/define-command"
. 
. Defining command \printcredits with sig. '' on line 451.
.................................................
.................................................
. LaTeX info: "xparse/define-command"
. 
. Defining command \writemarks with sig. 'mm' on line 454.
.................................................
.................................................
. LaTeX info: "xparse/define-command"
. 
. Defining command \tnotemark with sig. 'O{}' on line 459.
.................................................
.................................................
. LaTeX info: "xparse/define-command"
. 
. Defining command \@tnoteref with sig. 'm' on line 478.
.................................................
\g_stm_tnote_int=\count276
.................................................
. LaTeX info: "xparse/define-command"
. 
. Defining command \tnotetext with sig. 'O{}m' on line 519.
.................................................
.................................................
. LaTeX info: "xparse/define-command"
. 
. Defining command \nonumnote with sig. 'm' on line 534.
.................................................
\g_stm_fnote_int=\count277
.................................................
. LaTeX info: "xparse/define-command"
. 
. Defining command \fntext with sig. 'O{}m' on line 563.
.................................................
\g_stm_cor_int=\count278
.................................................
. LaTeX info: "xparse/define-command"
. 
. Defining command \cortext with sig. 'O{}m' on line 606.
.................................................
.................................................
. LaTeX info: "xparse/define-command"
. 
. Defining command \process@marks with sig. '' on line 628.
.................................................
\g_stm_au_int=\count279
\g_stm_aau_int=\count280
.................................................
. LaTeX info: "xparse/define-command"
. 
. Defining command \ResetMarks with sig. '' on line 665.
.................................................
\l_autype_int=\count281
\l_stm_augroup_before_dim=\dimen172
\l_stm_augroup_after_dim=\dimen173
\l_stm_augroup_lskip_tl=\dimen174
\l_stm_augroup_rskip_tl=\dimen175
.................................................
. LaTeX info: "xparse/define-command"
. 
. Defining command \stmAuthorSetup with sig. 'm' on line 758.
.................................................
.................................................
. LaTeX info: "xparse/define-command"
. 
. Defining command \stmausetup with sig. 'm' on line 762.
.................................................
.................................................
. LaTeX info: "xparse/define-command"
. 
. Defining command \stmclbsetup with sig. 'm' on line 766.
.................................................
.................................................
. LaTeX info: "xparse/define-command"
. 
. Defining command \twitterauthor with sig. 'mm' on line 786.
.................................................
.................................................
. LaTeX info: "xparse/define-command"
. 
. Defining command \facebookauthor with sig. 'mm' on line 794.
.................................................
.................................................
. LaTeX info: "xparse/define-command"
. 
. Defining command \gplusauthor with sig. 'mm' on line 802.
.................................................
.................................................
. LaTeX info: "xparse/define-command"
. 
. Defining command \linkedinauthor with sig. 'mm' on line 811.
.................................................
.................................................
. LaTeX info: "xparse/define-command"
. 
. Defining command \printmaltese with sig. '' on line 816.
.................................................
.................................................
. LaTeX info: "xparse/define-command"
. 
. Defining command \printfacebook with sig. '' on line 830.
.................................................
.................................................
. LaTeX info: "xparse/define-command"
. 
. Defining command \printtwitter with sig. '' on line 844.
.................................................
.................................................
. LaTeX info: "xparse/define-command"
. 
. Defining command \printgplus with sig. '' on line 858.
.................................................
.................................................
. LaTeX info: "xparse/define-command"
. 
. Defining command \printlinkedin with sig. '' on line 872.
.................................................
.................................................
. LaTeX info: "xparse/redefine-command"
. 
. Redefining command \author with sig. 'O{}mO{}' on line 979.
.................................................
.................................................
. LaTeX info: "xparse/define-command"
. 
. Defining command \stmauthors with sig. '' on line 1000.
.................................................
.................................................
. LaTeX info: "xparse/define-command"
. 
. Defining command \stmcollab with sig. '' on line 1025.
.................................................
.................................................
. LaTeX info: "xparse/define-command"
. 
. Defining command \dept with sig. 'm' on line 1034.
.................................................
.................................................
. LaTeX info: "xparse/define-command"
. 
. Defining command \divn with sig. 'm' on line 1035.
.................................................
.................................................
. LaTeX info: "xparse/define-command"
. 
. Defining command \aline with sig. 'm' on line 1036.
.................................................
.................................................
. LaTeX info: "xparse/define-command"
. 
. Defining command \city with sig. 'm' on line 1037.
.................................................
.................................................
. LaTeX info: "xparse/define-command"
. 
. Defining command \cnty with sig. 'm' on line 1038.
.................................................
.................................................
. LaTeX info: "xparse/define-command"
. 
. Defining command \phone with sig. 'm' on line 1039.
.................................................
.................................................
. LaTeX info: "xparse/define-command"
. 
. Defining command \fax with sig. 'm' on line 1040.
.................................................
.................................................
. LaTeX info: "xparse/define-command"
. 
. Defining command \aurl with sig. 'm' on line 1041.
.................................................
\g_stm_aff_int=\count282
.................................................
. LaTeX info: "xparse/define-command"
. 
. Defining command \stmAddrSetup with sig. 'm' on line 1062.
.................................................
.................................................
. LaTeX info: "xparse/define-command"
. 
. Defining command \printaddrinfoot with sig. '' on line 1083.
.................................................
.................................................
. LaTeX info: "xparse/define-command"
. 
. Defining command \address with sig. 'O{}mO{}' on line 1116.
.................................................
\l_stm_aff_before_dim=\dimen176
\l_stm_aff_after_dim=\dimen177
\l_stm_aff_lskip_dim=\dimen178
\l_stm_aff_rskip_dim=\dimen179
.................................................
. LaTeX info: "xparse/define-command"
. 
. Defining command \stmAffSetup with sig. 'm' on line 1172.
.................................................
.................................................
. LaTeX info: "xparse/define-command"
. 
. Defining command \stmaffsetup with sig. 'm' on line 1176.
.................................................
.................................................
. LaTeX info: "xparse/define-command"
. 
. Defining command \stmaddress with sig. '' on line 1205.
.................................................
\g_stm_augr_int=\count283
\g_stm_aaugr_int=\count284
.................................................
. LaTeX info: "xparse/define-environment"
. 
. Defining environment 'augroup' with sig. '' on line 1270.
.................................................

(/usr/share/texlive/texmf-dist/tex/latex/moreverb/moreverb.sty
Package: moreverb 2008/06/03 v2.3a `more' verbatim facilities

(/usr/share/texlive/texmf-dist/tex/latex/tools/verbatim.sty
Package: verbatim 2014/10/28 v1.5q LaTeX2e package for verbatim enhancements
\every@verbatim=\toks25
\verbatim@line=\toks26
\verbatim@in@stream=\read1
)
\tab@position=\count285
\tab@size=\count286
\listing@line=\count287
)
\g_stm_abs_box=\box45
.................................................
. LaTeX info: "xparse/define-environment"
. 
. Defining environment 'Abstract' with sig. 'o' on line 1304.
.................................................
.................................................
. LaTeX info: "xparse/define-environment"
. 
. Defining environment 'PrelimsAbstract' with sig. 'O{}' on line 1316.
.................................................
.................................................
. LaTeX info: "xparse/redefine-environment"
. 
. Redefining environment 'abstract' with sig. 'o' on line 1324.
.................................................
\casgrabsbox=\box46
\casauhlbox=\box47
.................................................
. LaTeX info: "xparse/define-environment"
. 
. Defining environment 'graphicalabstract' with sig. 'O{Graphical Abstract}'
. on line 1341.
.................................................
.................................................
. LaTeX info: "xparse/define-environment"
. 
. Defining environment 'highlights' with sig. 'O{Highlights}' on line 1355.
.................................................
.................................................
. LaTeX info: "xparse/define-command"
. 
. Defining command \dashrule with sig. 'O{.4pt}mm' on line 1364.
.................................................
.................................................
. LaTeX info: "xparse/define-command"
. 
. Defining command \keywordtitle with sig. '' on line 1366.
.................................................
.................................................
. LaTeX info: "xparse/define-command"
. 
. Defining command \keywordtitlesep with sig. '' on line 1367.
.................................................
\g_stm_key_box=\box48
.................................................
. LaTeX info: "xparse/define-command"
. 
. Defining command \MSC with sig. 'O{}m' on line 1373.
.................................................
.................................................
. LaTeX info: "xparse/define-command"
. 
. Defining command \JEL with sig. 'm' on line 1377.
.................................................
.................................................
. LaTeX info: "xparse/define-command"
. 
. Defining command \PACS with sig. 'm' on line 1381.
.................................................
.................................................
. LaTeX info: "xparse/define-environment"
. 
. Defining environment 'keywords' with sig. 'O{Keywords}' on line 1394.
.................................................
\g_stm_jtype_int=\count288
\g_stm_blind_int=\count289
.................................................
. LaTeX info: "xparse/define-command"
. 
. Defining command \printFirstPageNotes with sig. '' on line 1437.
.................................................
.................................................
. LaTeX info: "xparse/define-command"
. 
. Defining command \received with sig. 'm' on line 1453.
.................................................
.................................................
. LaTeX info: "xparse/define-command"
. 
. Defining command \accepted with sig. 'm' on line 1455.
.................................................
.................................................
. LaTeX info: "xparse/define-command"
. 
. Defining command \revised with sig. 'm' on line 1457.
.................................................
.................................................
. LaTeX info: "xparse/define-command"
. 
. Defining command \published with sig. 'O{}m' on line 1463.
.................................................
.................................................
. LaTeX info: "xparse/define-command"
. 
. Defining command \verso with sig. 'm' on line 1472.
.................................................
.................................................
. LaTeX info: "xparse/define-command"
. 
. Defining command \recto with sig. 'm' on line 1474.
.................................................
\c@au=\count290
\c@cnote=\count291
\c@tnote=\count292
\c@fnote=\count293
\c@aff=\count294
.................................................
. LaTeX info: "xparse/define-command"
. 
. Defining command \processbreakafter with sig. '' on line 1517.
.................................................
.................................................
. LaTeX info: "xparse/define-command"
. 
. Defining command \pprintMaketitle with sig. 'O{}' on line 1556.
.................................................
.................................................
. LaTeX info: "xparse/define-command"
. 
. Defining command \MaketitleBox with sig. '' on line 1586.
.................................................
\g_stm_notes_box=\box49
\g_stm_front_box=\box50
.................................................
. LaTeX info: "xparse/define-command"
. 
. Defining command \LongMaketitleBox with sig. '' on line 1623.
.................................................
.................................................
. LaTeX info: "xparse/define-command"
. 
. Defining command \ProcessLongTitleBox with sig. '' on line 1664.
.................................................
\paraindent=\dimen180
\subparaindent=\dimen181
\FullWidth=\dimen182
\l_tbl_width_dim=\dimen183
\l_tbl_abovecap_skip=\skip58
\l_tbl_belowcap_skip=\skip59
\l_tbl_abovetbl_skip=\skip60
\l_tbl_belowtbl_skip=\skip61
.................................................
. LaTeX info: "xparse/redefine-environment"
. 
. Redefining environment 'table' with sig. 'O{}' on line 1905.
.................................................
.................................................
. LaTeX info: "xparse/redefine-environment"
. 
. Redefining environment 'table*' with sig. 'O{width=\FullWidth }' on line
. 1924.
.................................................
\l_fig_width_dim=\dimen184
\l_fig_abovecap_skip=\skip62
\l_fig_belowcap_skip=\skip63
\l_fig_abovefig_skip=\skip64
\l_fig_belowfig_skip=\skip65
.................................................
. LaTeX info: "xparse/redefine-environment"
. 
. Redefining environment 'figure' with sig. 'O{}' on line 1990.
.................................................
.................................................
. LaTeX info: "xparse/redefine-environment"
. 
. Redefining environment 'figure*' with sig. 'O{width=\textwidth }' on line
. 2007.
.................................................

(/usr/share/texlive/texmf-dist/tex/latex/wrapfig/wrapfig.sty
\wrapoverhang=\dimen185
\WF@size=\dimen186
\c@WF@wrappedlines=\count295
\WF@box=\box51
\WF@everypar=\toks27
Package: wrapfig 2003/01/31  v 3.6
)
\l_wrap_figwidth_dim=\dimen187
\l_wrap_fighspace_dim=\dimen188
\l_wrap_figvspace_dim=\dimen189
\l_wrap_fighcorr_dim=\dimen190
\l_wrap_figvcorr_dim=\dimen191
\l_above_bio_dim=\dimen192
\l_wrap_figlcorr_int=\count296
\l_wrap_figlines_int=\count297
.................................................
. LaTeX info: "xparse/define-command"
. 
. Defining command \wfigwidth with sig. 'm' on line 2025.
.................................................
.................................................
. LaTeX info: "xparse/define-command"
. 
. Defining command \wfighspace with sig. 'm' on line 2027.
.................................................
.................................................
. LaTeX info: "xparse/define-command"
. 
. Defining command \wfigvspace with sig. 'm' on line 2029.
.................................................
.................................................
. LaTeX info: "xparse/define-command"
. 
. Defining command \wfighcorr with sig. 'm' on line 2031.
.................................................
.................................................
. LaTeX info: "xparse/define-command"
. 
. Defining command \wfigvcorr with sig. 'm' on line 2033.
.................................................
.................................................
. LaTeX info: "xparse/define-command"
. 
. Defining command \addfiglines with sig. 'm' on line 2035.
.................................................
.................................................
. LaTeX info: "xparse/define-command"
. 
. Defining command \abovebioskip with sig. 'm' on line 2037.
.................................................
\l_bio_text_box=\box52
.................................................
. LaTeX info: "xparse/define-command"
. 
. Defining command \WrapFigure with sig. 'om' on line 2129.
.................................................
\c@ca_biography_ctr=\count298
.................................................
. LaTeX info: "xparse/define-command"
. 
. Defining command \bio with sig. 'O{}m' on line 2157.
.................................................
\l_ca_temp_inta=\count299
.................................................
. LaTeX info: "xparse/define-command"
. 
. Defining command \endbio with sig. '' on line 2176.
.................................................
.................................................
. LaTeX info: "xparse/define-environment"
. 
. Defining environment 'biography' with sig. 'om' on line 2188.
.................................................
\leftMargin=\dimen193
\@enLab=\toks28
\@sep=\skip66
\@@sep=\skip67
)
.................................................
. LaTeX info: "xparse/redefine-command"
. 
. Redefining command \maketitle with sig. '' on line 126.
.................................................

(/usr/share/texlive/texmf-dist/tex/latex/base/fontenc.sty
Package: fontenc 2017/04/05 v2.0i Standard LaTeX package

(/usr/share/texlive/texmf-dist/tex/latex/base/t1enc.def
File: t1enc.def 2017/04/05 v2.0i Standard LaTeX file
LaTeX Font Info:    Redeclaring font encoding T1 on input line 48.
)
LaTeX Font Info:    Try loading font information for T1+lmr on input line 105.

(/usr/share/texmf/tex/latex/lm/t1lmr.fd
File: t1lmr.fd 2009/10/30 v1.6 Font defs for Latin Modern
))
\g__file_internal_ior=\read2

***********************************************************
 Stix and Charis fonts are not available 
 in TeX system. Hence CMR fonts are used.
***********************************************************
(/usr/share/texlive/texmf-dist/tex/latex/geometry/geometry.sty
Package: geometry 2010/09/12 v5.6 Page Geometry
\Gm@cnth=\count300
\Gm@cntv=\count301
\c@Gm@tempcnt=\count302
\Gm@bindingoffset=\dimen194
\Gm@wd@mp=\dimen195
\Gm@odd@mp=\dimen196
\Gm@even@mp=\dimen197
\Gm@layoutwidth=\dimen198
\Gm@layoutheight=\dimen199
\Gm@layouthoffset=\dimen256
\Gm@layoutvoffset=\dimen257
\Gm@dimlist=\toks29
))
(/usr/share/texlive/texmf-dist/tex/latex/natbib/natbib.sty
Package: natbib 2010/09/13 8.31b (PWD, AO)
\bibhang=\skip68
\bibsep=\skip69
LaTeX Info: Redefining \cite on input line 694.
\c@NAT@ctr=\count303
)
(/usr/share/texlive/texmf-dist/tex/latex/amscls/amsthm.sty
Package: amsthm 2017/10/31 v2.20.4
\thm@style=\toks30
\thm@bodyfont=\toks31
\thm@headfont=\toks32
\thm@notefont=\toks33
\thm@headpunct=\toks34
\thm@preskip=\skip70
\thm@postskip=\skip71
\thm@headsep=\skip72
\dth@everypar=\toks35
LaTeX Info: Redefining \qed on input line 274.
)
(/usr/share/texlive/texmf-dist/tex/latex/braket/braket.sty)
(/usr/share/texlive/texmf-dist/tex/latex/appendix/appendix.sty
Package: appendix 2009/09/02 v1.2b extra appendix facilities
\c@@pps=\count304
\c@@ppsavesec=\count305
\c@@ppsaveapp=\count306
)
(/usr/share/texlive/texmf-dist/tex/latex/mathtools/empheq.sty
Package: empheq 2017/03/31 v2.15 Emphasizing equations

(/usr/share/texlive/texmf-dist/tex/latex/mathtools/mhsetup.sty
Package: mhsetup 2017/03/31 v1.3 programming setup (MH)
)
(/usr/share/texlive/texmf-dist/tex/latex/mathtools/mathtools.sty
Package: mathtools 2018/01/08 v1.21 mathematical typesetting tools

(/usr/share/texlive/texmf-dist/tex/latex/tools/calc.sty
Package: calc 2014/10/28 v4.3 Infix arithmetic (KKT,FJ)
\calc@Acount=\count307
\calc@Bcount=\count308
\calc@Adimen=\dimen258
\calc@Bdimen=\dimen259
\calc@Askip=\skip73
\calc@Bskip=\skip74
LaTeX Info: Redefining \setlength on input line 80.
LaTeX Info: Redefining \addtolength on input line 81.
\calc@Ccount=\count309
\calc@Cskip=\skip75
)
LaTeX Info: Thecontrolsequence`\('isalreadyrobust on input line 129.
LaTeX Info: Thecontrolsequence`\)'isalreadyrobust on input line 129.
LaTeX Info: Thecontrolsequence`\['isalreadyrobust on input line 129.
LaTeX Info: Thecontrolsequence`\]'isalreadyrobust on input line 129.
\g_MT_multlinerow_int=\count310
\l_MT_multwidth_dim=\dimen260
\origjot=\skip76
\l_MT_shortvdotswithinadjustabove_dim=\dimen261
\l_MT_shortvdotswithinadjustbelow_dim=\dimen262
\l_MT_above_intertext_sep=\dimen263
\l_MT_below_intertext_sep=\dimen264
\l_MT_above_shortintertext_sep=\dimen265
\l_MT_below_shortintertext_sep=\dimen266
)
\l_EQ_equationtype_int=\count311
\l_EQ_alignmentmode_int=\count312
\l_EQ_totalwidth_dim=\dimen267
\l_EQ_displaywidth_dim=\dimen268
\l_EQ_temp_linewidth_dim=\dimen269
\EmphEqdelimitershortfall=\dimen270
\EmphEqdelimiterfactor=\count313
\g_EQ_toptag_height_dim=\dimen271
\g_EQ_bottomtag_depth_dim=\dimen272
\g_EQ_toprow_height_dim=\dimen273
\g_EQ_bottomrow_depth_dim=\dimen274
\g_EQ_widesttag_dim=\dimen275
\EQ_mathdisplay_box=\box53
\EQ_tag_box=\box54
\g_EQ_temprow_int=\count314
)
(/usr/share/texlive/texmf-dist/tex/latex/subfig/subfig.sty
Package: subfig 2005/06/28 ver: 1.3 subfig package

(/usr/share/texlive/texmf-dist/tex/latex/caption/caption.sty
Package: caption 2016/02/21 v3.3-144 Customizing captions (AR)

(/usr/share/texlive/texmf-dist/tex/latex/caption/caption3.sty
Package: caption3 2016/05/22 v1.7-166 caption3 kernel (AR)
Package caption3 Info: TeX engine: e-TeX on input line 67.
\captionmargin=\dimen276
\captionmargin@=\dimen277
\captionwidth=\dimen278
\caption@tempdima=\dimen279
\caption@indent=\dimen280
\caption@parindent=\dimen281
\caption@hangindent=\dimen282
)
\c@ContinuedFloat=\count315
Package caption Info: hyperref package is loaded.
Package caption Info: wrapfig package is loaded.
)
\c@KVtest=\count316
\sf@farskip=\skip77
\sf@captopadj=\dimen283
\sf@capskip=\skip78
\sf@nearskip=\skip79
\c@subfigure=\count317
\c@subfigure@save=\count318
\c@lofdepth=\count319
\c@subtable=\count320
\c@subtable@save=\count321
\c@lotdepth=\count322
\sf@top=\skip80
\sf@bottom=\skip81
)
(/usr/share/texlive/texmf-dist/tex/latex/float/float.sty
Package: float 2001/11/08 v1.3d Float enhancements (AL)
\c@float@type=\count323
\float@exts=\toks36
\float@box=\box55
\@float@everytoks=\toks37
\@floatcapt=\box56
) (./main.aux)
\openout1 = `main.aux'.

LaTeX Font Info:    Checking defaults for OML/cmm/m/it on input line 5.
LaTeX Font Info:    ... okay on input line 5.
LaTeX Font Info:    Checking defaults for T1/cmr/m/n on input line 5.
LaTeX Font Info:    ... okay on input line 5.
LaTeX Font Info:    Checking defaults for OT1/cmr/m/n on input line 5.
LaTeX Font Info:    ... okay on input line 5.
LaTeX Font Info:    Checking defaults for OMS/cmsy/m/n on input line 5.
LaTeX Font Info:    ... okay on input line 5.
LaTeX Font Info:    Checking defaults for TU/lmr/m/n on input line 5.
LaTeX Font Info:    ... okay on input line 5.
LaTeX Font Info:    Checking defaults for OMX/cmex/m/n on input line 5.
LaTeX Font Info:    ... okay on input line 5.
LaTeX Font Info:    Checking defaults for U/cmr/m/n on input line 5.
LaTeX Font Info:    ... okay on input line 5.
LaTeX Font Info:    Checking defaults for PD1/pdf/m/n on input line 5.
LaTeX Font Info:    ... okay on input line 5.
LaTeX Font Info:    Checking defaults for PU/pdf/m/n on input line 5.
LaTeX Font Info:    ... okay on input line 5.
\AtBeginShipoutBox=\box57
Package hyperref Info: Link coloring ON on input line 5.

(/usr/share/texlive/texmf-dist/tex/latex/hyperref/nameref.sty
Package: nameref 2016/05/21 v2.44 Cross-referencing by name of section

(/usr/share/texlive/texmf-dist/tex/generic/oberdiek/gettitlestring.sty
Package: gettitlestring 2016/05/16 v1.5 Cleanup title references (HO)
)
\c@section@level=\count324
)
LaTeX Info: Redefining \ref on input line 5.
LaTeX Info: Redefining \pageref on input line 5.
LaTeX Info: Redefining \nameref on input line 5.

(./main.out) (./main.out)
\@outlinefile=\write4
\openout4 = `main.out'.


*geometry* driver: auto-detecting
*geometry* detected driver: xetex
*geometry* verbose mode - [ preamble ] result:
* driver: xetex
* paper: custom
* layout: <same size as paper>
* layoutoffset:(h,v)=(0.0pt,0.0pt)
* modes: 
* h-part:(L,W,R)=(51.4995pt, 494.50888pt, 51.4995pt)
* v-part:(T,H,B)=(55.48286pt, 689.4103pt, 51.784pt)
* \paperwidth=597.50787pt
* \paperheight=796.67715pt
* \textwidth=494.50888pt
* \textheight=689.4103pt
* \oddsidemargin=-20.7705pt
* \evensidemargin=-20.7705pt
* \topmargin=-40.78712pt
* \headheight=12.0pt
* \headsep=12.0pt
* \topskip=10.0pt
* \footskip=12.0pt
* \marginparwidth=57.0pt
* \marginparsep=11.0pt
* \columnsep=18.0pt
* \skip\footins=9.0pt plus 4.0pt minus 2.0pt
* \hoffset=0.0pt
* \voffset=0.0pt
* \mag=1000
* \@twocolumnfalse
* \@twosidefalse
* \@mparswitchfalse
* \@reversemarginfalse
* (1in=72.27pt=25.4mm, 1cm=28.453pt)

Package caption Info: Begin \AtBeginDocument code.
Package caption Info: subfig package v1.3 is loaded.
Package caption Info: float package is loaded.
Package caption Info: End \AtBeginDocument code.
\verbatim@out=\write5
\openout5 = `main.abs'.

LaTeX Font Info:    Try loading font information for OMS+lmr on input line 16.
(/usr/share/texmf/tex/latex/lm/omslmr.fd
File: omslmr.fd 2009/10/30 v1.6 Font defs for Latin Modern
)
LaTeX Font Info:    Try loading font information for OMS+lmsy on input line 16.


(/usr/share/texmf/tex/latex/lm/omslmsy.fd
File: omslmsy.fd 2009/10/30 v1.6 Font defs for Latin Modern
)
LaTeX Font Info:    Font shape `OMS/lmr/m/n' in size <10> not available
(Font)              Font shape `OMS/lmsy/m/n' tried instead on input line 16.
 [0

] [0]
LaTeX Font Info:    Try loading font information for U+msa on input line 24.

(/usr/share/texlive/texmf-dist/tex/latex/amsfonts/umsa.fd
File: umsa.fd 2013/01/14 v3.01 AMS symbols A
)
LaTeX Font Info:    Try loading font information for U+msb on input line 24.

(/usr/share/texlive/texmf-dist/tex/latex/amsfonts/umsb.fd
File: umsb.fd 2013/01/14 v3.01 AMS symbols B
)
Overfull \hbox (123.62721pt too wide) detected at line 24
[]
 []

(./main.abs)

Package hyperref Warning: Ignoring empty anchor on input line 24.


Package natbib Warning: Citation `NVDiamond' on page 1 undefined on input line 
26.


Package natbib Warning: Citation `QTh' on page 1 undefined on input line 28.


Package natbib Warning: Citation `ThermoQIFlow' on page 1 undefined on input li
ne 28.


Package natbib Warning: Citation `ThermoFlow' on page 1 undefined on input line
 28.


Package natbib Warning: Citation `ACPot1' on page 1 undefined on input line 32.



Package natbib Warning: Citation `ACPot2' on page 1 undefined on input line 34.


LaTeX Font Info:    Try loading font information for T1+lmss on input line 36.
(/usr/share/texmf/tex/latex/lm/t1lmss.fd
File: t1lmss.fd 2009/10/30 v1.6 Font defs for Latin Modern
)
File: carbon1.png Graphic file (type bmp)
<carbon1.png>
File: carbon2.png Graphic file (type bmp)
<carbon2.png>


Package natbib Warning: Citation `Zazula' on page 1 undefined on input line 46.


File: melting.png Graphic file (type bmp)
<melting.png>

Overfull \hbox (9.0pt too wide) in paragraph at lines 48--49
 [][]
 []


Overfull \hbox (1.82877pt too wide) in paragraph at lines 46--53
\T1/lmr/m/n/10 deriva-tion made in LHC, that pre-dicts this phase change
 []

[1

]

Package natbib Warning: Citation `ACPot1' on page 2 undefined on input line 55.



Package natbib Warning: Citation `Ovito' on page 2 undefined on input line 55.


Overfull \hbox (2.71637pt too wide) in paragraph at lines 57--58
\T1/lmr/m/n/10 tested for AIREBO (Adap-ta-tiva In-ter-molec-u-lar REBO),
 []


Package natbib Warning: Citation `Zazula' on page 2 undefined on input line 59.


File: datamelting.png Graphic file (type bmp)
<datamelting.png>

Overfull \hbox (9.0pt too wide) in paragraph at lines 61--61
 [][]
 []

File: datameltingfin.png Graphic file (type bmp)
<datameltingfin.png>

Overfull \hbox (9.0pt too wide) in paragraph at lines 62--63
 [][]
 []

[2]

Package natbib Warning: Citation `RefBulk' on page 3 undefined on input line 71
.

File: bulk.png Graphic file (type bmp)
<bulk.png>

Overfull \hbox (9.0pt too wide) in paragraph at lines 73--74
 [][]
 []

File: databulk.png Graphic file (type bmp)
<databulk.png>

Overfull \hbox (9.0pt too wide) in paragraph at lines 78--79
 [][]
 []


Package natbib Warning: Citation `RefBulk' on page 3 undefined on input line 79
.


Package natbib Warning: Citation `NVDiamond' on page 3 undefined on input line 
85.


Package natbib Warning: Citation `Phonopy' on page 3 undefined on input line 89
.

No file main.bbl.

Overfull \hbox (3.60707pt too wide) in paragraph at lines 91--95
[]\T1/lmr/m/n/10 This work was sup-ported by Uni-ver-si-dad Mayor Doc-
 []


Overfull \hbox (11.2321pt too wide) in paragraph at lines 91--95
\T1/lmr/m/n/10 tor-ate Schol-ar-ship, Fonde-cyt (Chilean Gov-er-ment) project
 []


Package natbib Warning: There were undefined citations.

Package atveryend Info: Empty hook `BeforeClearDocument' on input line 95.
[3]
Package atveryend Info: Empty hook `AfterLastShipout' on input line 95.
 (./main.aux)
Package atveryend Info: Empty hook `AtVeryEndDocument' on input line 95.
Package atveryend Info: Empty hook `AtEndAfterFileList' on input line 95.
 ) 
Here is how much of TeX's memory you used:
 22941 strings out of 494934
 385087 string characters out of 6177256
 463575 words of memory out of 5000000
 26554 multiletter control sequences out of 15000+600000
 602966 words of font info for 77 fonts, out of 8000000 for 9000
 40 hyphenation exceptions out of 8191
 44i,9n,48p,10408b,456s stack positions out of 5000i,500n,10000p,200000b,80000s

Output written on main.pdf (5 pages).
