\BOOKMARK [0][-]{section*.2}{Espectroscopía Óptica Doble Resonante}{}% 2
\BOOKMARK [1][-]{section*.1}{Resumen}{section*.2}% 1
\BOOKMARK [1][-]{section*.3}{Contents}{section*.2}% 3
\BOOKMARK [1][-]{section*.4}{Bombeo Óptico y Técnicas de doble resonancia.}{section*.2}% 4
\BOOKMARK [2][-]{section*.5}{Introducción}{section*.4}% 5
\BOOKMARK [2][-]{section*.6}{Fundamentos}{section*.4}% 6
\BOOKMARK [3][-]{section*.7}{Bombeo Óptico}{section*.6}% 7
\BOOKMARK [3][-]{section*.8}{Producción de Doble Resonancia}{section*.6}% 8
\BOOKMARK [3][-]{section*.9}{Doble\040Resonancia\040usando\040Microondas}{section*.6}% 9
\BOOKMARK [3][-]{section*.10}{Doble\040Resonancia\040usando\040Radiofrecuencia}{section*.6}% 10
\BOOKMARK [3][-]{section*.11}{Doble Resonancia Óptica-Óptica}{section*.6}% 11
\BOOKMARK [1][-]{section*.12}{Detección Óptica de Resonancia Paramagnética de Electrones}{section*.2}% 12
\BOOKMARK [2][-]{section*.13}{Introducción}{section*.12}% 13
\BOOKMARK [2][-]{section*.14}{Fundamentos}{section*.12}% 14
\BOOKMARK [3][-]{section*.15}{Estudio\040de\040defectos\040con\040alta\040selectividad}{section*.14}% 15
\BOOKMARK [3][-]{section*.16}{Absorción y emisión de Excitones}{section*.14}% 16
\BOOKMARK [3][-]{section*.17}{Aproximación Franck-Condon}{section*.14}% 17
\BOOKMARK [3][-]{section*.18}{EPR detectada con Dicroísmo Magnético Circular de Método de Absorción}{section*.14}% 18
\BOOKMARK [3][-]{section*.19}{Reglas de Selección para transiciones dipolares con polarización circular}{section*.14}% 19
\BOOKMARK [1][-]{section*.20}{Sensibilidad\040en\040Sistemas\040de\040Doble\040Resonancia}{section*.2}% 20
\BOOKMARK [2][-]{section*.21}{Detección de estados fundamental y excitado con Bombeo Óptico}{section*.20}% 21
\BOOKMARK [2][-]{section*.22}{Detección de EPR en Luminiscencia de recombinación}{section*.20}% 22
\BOOKMARK [2][-]{section*.23}{Detección de EPR de estados triplete}{section*.20}% 23
\BOOKMARK [2][-]{section*.24}{Sensibilidad\040de\040mediciones\040de\040doble\040resonancia}{section*.20}% 24
\BOOKMARK [2][-]{section*.25}{Sensibilidad en Dicroísmo Magnético de Absorción}{section*.20}% 25
\BOOKMARK [2][-]{section*.26}{Sensibilidad en EPR ópticamente detectado}{section*.20}% 26
\BOOKMARK [1][-]{section*.27}{Ejemplos}{section*.2}% 27
\BOOKMARK [2][-]{section*.28}{Espectro de Excitación de MCDA de Defecto}{section*.27}% 28
\BOOKMARK [2][-]{section*.29}{Medición de Tiempo de Relajación para una red de espínes}{section*.27}% 29
\BOOKMARK [2][-]{section*.30}{Determinación de estado de espín}{section*.27}% 30
\BOOKMARK [2][-]{section*.31}{Espectroscopía de Estados de Rydberg}{section*.27}% 31
\BOOKMARK [2][-]{section*.32}{Bombeo de Emisión Estimulada}{section*.27}% 32
\BOOKMARK [2][-]{section*.33}{Etiquetado de Polarización}{section*.27}% 33
\BOOKMARK [1][-]{section*.34}{Agradecimientos}{section*.2}% 34
\BOOKMARK [1][-]{section*.35}{Referencias}{section*.2}% 35
